[debug] [2023-02-11T13:26:24.042Z] ----------------------------------------------------------------------
[debug] [2023-02-11T13:26:24.044Z] Command:       /home/santi/.nvm/versions/node/v16.16.0/bin/node /home/santi/.nvm/versions/node/v16.16.0/bin/firebase deploy
[debug] [2023-02-11T13:26:24.044Z] CLI Version:   11.22.0
[debug] [2023-02-11T13:26:24.044Z] Platform:      linux
[debug] [2023-02-11T13:26:24.044Z] Node Version:  v16.16.0
[debug] [2023-02-11T13:26:24.045Z] Time:          Sat Feb 11 2023 13:26:24 GMT+0000 (Greenwich Mean Time)
[debug] [2023-02-11T13:26:24.045Z] ----------------------------------------------------------------------
[debug] 
[debug] [2023-02-11T13:26:24.115Z] > command requires scopes: ["email","openid","https://www.googleapis.com/auth/cloudplatformprojects.readonly","https://www.googleapis.com/auth/firebase","https://www.googleapis.com/auth/cloud-platform"]
[debug] [2023-02-11T13:26:24.116Z] > authorizing via signed-in user (santi.cacciola.s@gmail.com)
[debug] [2023-02-11T13:26:24.116Z] [iam] checking project unittestingapp-2e18e for permissions ["firebase.projects.get","firebasehosting.sites.update"]
[debug] [2023-02-11T13:26:24.118Z] >>> [apiv2][query] POST https://cloudresourcemanager.googleapis.com/v1/projects/unittestingapp-2e18e:testIamPermissions [none]
[debug] [2023-02-11T13:26:24.118Z] >>> [apiv2][(partial)header] POST https://cloudresourcemanager.googleapis.com/v1/projects/unittestingapp-2e18e:testIamPermissions x-goog-quota-user=projects/unittestingapp-2e18e
[debug] [2023-02-11T13:26:24.118Z] >>> [apiv2][body] POST https://cloudresourcemanager.googleapis.com/v1/projects/unittestingapp-2e18e:testIamPermissions {"permissions":["firebase.projects.get","firebasehosting.sites.update"]}
[debug] [2023-02-11T13:26:25.017Z] <<< [apiv2][status] POST https://cloudresourcemanager.googleapis.com/v1/projects/unittestingapp-2e18e:testIamPermissions 200
[debug] [2023-02-11T13:26:25.018Z] <<< [apiv2][body] POST https://cloudresourcemanager.googleapis.com/v1/projects/unittestingapp-2e18e:testIamPermissions {}
[debug] [2023-02-11T13:26:25.018Z] [iam] error while checking permissions, command may fail: FirebaseError: Authorization failed. This account is missing the following required permissions on project unittestingapp-2e18e:

  firebase.projects.get
  firebasehosting.sites.update
[debug] [2023-02-11T13:26:25.019Z] >>> [apiv2][query] GET https://firebase.googleapis.com/v1beta1/projects/unittestingapp-2e18e [none]
[debug] [2023-02-11T13:26:25.350Z] <<< [apiv2][status] GET https://firebase.googleapis.com/v1beta1/projects/unittestingapp-2e18e 403
[debug] [2023-02-11T13:26:25.350Z] <<< [apiv2][body] GET https://firebase.googleapis.com/v1beta1/projects/unittestingapp-2e18e {"error":{"code":403,"message":"The caller does not have permission","status":"PERMISSION_DENIED"}}
[debug] [2023-02-11T13:26:25.351Z] HTTP Error: 403, The caller does not have permission
[debug] [2023-02-11T13:26:25.352Z] FirebaseError: HTTP Error: 403, The caller does not have permission
    at responseToError (/home/santi/.nvm/versions/node/v16.16.0/lib/node_modules/firebase-tools/lib/responseToError.js:49:12)
    at RetryOperation._fn (/home/santi/.nvm/versions/node/v16.16.0/lib/node_modules/firebase-tools/lib/apiv2.js:288:77)
    at processTicksAndRejections (node:internal/process/task_queues:96:5)
[error] 
[error] Error: Failed to get Firebase project unittestingapp-2e18e. Please make sure the project exists and your account has permission to access it.
